0 info it worked if it ends with ok
1 verbose cli [ 'node',
1 verbose cli   '/usr/local/bin/npm',
1 verbose cli   'install',
1 verbose cli   '-g',
1 verbose cli   'generator-gulp-angular' ]
2 info using npm@1.4.28
3 info using node@v0.10.33
4 verbose cache add [ 'generator-gulp-angular', null ]
5 verbose cache add name=undefined spec="generator-gulp-angular" args=["generator-gulp-angular",null]
6 verbose parsed url { protocol: null,
6 verbose parsed url   slashes: null,
6 verbose parsed url   auth: null,
6 verbose parsed url   host: null,
6 verbose parsed url   port: null,
6 verbose parsed url   hostname: null,
6 verbose parsed url   hash: null,
6 verbose parsed url   search: null,
6 verbose parsed url   query: null,
6 verbose parsed url   pathname: 'generator-gulp-angular',
6 verbose parsed url   path: 'generator-gulp-angular',
6 verbose parsed url   href: 'generator-gulp-angular' }
7 silly lockFile 78636691-generator-gulp-angular generator-gulp-angular
8 verbose lock generator-gulp-angular /Users/roman.sirokov/.npm/78636691-generator-gulp-angular.lock
9 silly lockFile 78636691-generator-gulp-angular generator-gulp-angular
10 silly lockFile 78636691-generator-gulp-angular generator-gulp-angular
11 verbose addNamed [ 'generator-gulp-angular', '' ]
12 verbose addNamed [ null, '*' ]
13 silly lockFile edbf5540-generator-gulp-angular generator-gulp-angular@
14 verbose lock generator-gulp-angular@ /Users/roman.sirokov/.npm/edbf5540-generator-gulp-angular.lock
15 silly addNameRange { name: 'generator-gulp-angular', range: '*', hasData: false }
16 verbose request where is /generator-gulp-angular
17 verbose request registry https://registry.npmjs.org/
18 verbose request id 5acf3ab62bb5c1a7
19 verbose url raw /generator-gulp-angular
20 verbose url resolving [ 'https://registry.npmjs.org/', './generator-gulp-angular' ]
21 verbose url resolved https://registry.npmjs.org/generator-gulp-angular
22 verbose request where is https://registry.npmjs.org/generator-gulp-angular
23 info trying registry request attempt 1 at 16:00:05
24 http GET https://registry.npmjs.org/generator-gulp-angular
25 http 200 https://registry.npmjs.org/generator-gulp-angular
26 silly registry.get cb [ 200,
26 silly registry.get   { server: 'CouchDB/1.5.0 (Erlang OTP/R16B03)',
26 silly registry.get     etag: '"6AYOCFZJZHFSSE46UAS6Z3KMT"',
26 silly registry.get     'content-type': 'application/json',
26 silly registry.get     'cache-control': 'max-age=60',
26 silly registry.get     'content-length': '48080',
26 silly registry.get     'accept-ranges': 'bytes',
26 silly registry.get     date: 'Mon, 01 Jun 2015 13:00:05 GMT',
26 silly registry.get     via: '1.1 varnish',
26 silly registry.get     age: '0',
26 silly registry.get     connection: 'keep-alive',
26 silly registry.get     'x-served-by': 'cache-fra1246-FRA',
26 silly registry.get     'x-cache': 'HIT',
26 silly registry.get     'x-cache-hits': '1',
26 silly registry.get     'x-timer': 'S1433163605.674793,VS0,VE107',
26 silly registry.get     vary: 'Accept' } ]
27 silly addNameRange number 2 { name: 'generator-gulp-angular', range: '*', hasData: true }
28 silly addNameRange versions [ 'generator-gulp-angular',
28 silly addNameRange   [ '0.0.1',
28 silly addNameRange     '0.1.1',
28 silly addNameRange     '0.2.0',
28 silly addNameRange     '0.2.1',
28 silly addNameRange     '0.3.0',
28 silly addNameRange     '0.3.1',
28 silly addNameRange     '0.4.0',
28 silly addNameRange     '0.4.1',
28 silly addNameRange     '0.5.0',
28 silly addNameRange     '0.5.1',
28 silly addNameRange     '0.6.0',
28 silly addNameRange     '0.6.1',
28 silly addNameRange     '0.6.2',
28 silly addNameRange     '0.7.0',
28 silly addNameRange     '0.7.1',
28 silly addNameRange     '0.7.2',
28 silly addNameRange     '0.7.3',
28 silly addNameRange     '0.8.0',
28 silly addNameRange     '0.8.1',
28 silly addNameRange     '0.9.0',
28 silly addNameRange     '0.9.1',
28 silly addNameRange     '0.10.0',
28 silly addNameRange     '0.11.0' ] ]
29 verbose addNamed [ 'generator-gulp-angular', '0.11.0' ]
30 verbose addNamed [ '0.11.0', '0.11.0' ]
31 silly lockFile 63dacce2-generator-gulp-angular-0-11-0 generator-gulp-angular@0.11.0
32 verbose lock generator-gulp-angular@0.11.0 /Users/roman.sirokov/.npm/63dacce2-generator-gulp-angular-0-11-0.lock
33 silly lockFile 88e00c61-enerator-gulp-angular-0-11-0-tgz https://registry.npmjs.org/generator-gulp-angular/-/generator-gulp-angular-0.11.0.tgz
34 verbose lock https://registry.npmjs.org/generator-gulp-angular/-/generator-gulp-angular-0.11.0.tgz /Users/roman.sirokov/.npm/88e00c61-enerator-gulp-angular-0-11-0-tgz.lock
35 verbose addRemoteTarball [ 'https://registry.npmjs.org/generator-gulp-angular/-/generator-gulp-angular-0.11.0.tgz',
35 verbose addRemoteTarball   '50f80568822f95815d7289281d750da7deb3d70c' ]
36 info retry fetch attempt 1 at 16:00:06
37 verbose fetch to= /var/folders/jk/_zhhrzxs2757531v5t9hy5wr69by23/T/npm-76534-jon5LXtq/registry.npmjs.org/generator-gulp-angular/-/generator-gulp-angular-0.11.0.tgz
38 http GET https://registry.npmjs.org/generator-gulp-angular/-/generator-gulp-angular-0.11.0.tgz
39 http 200 https://registry.npmjs.org/generator-gulp-angular/-/generator-gulp-angular-0.11.0.tgz
40 silly lockFile 88e00c61-enerator-gulp-angular-0-11-0-tgz https://registry.npmjs.org/generator-gulp-angular/-/generator-gulp-angular-0.11.0.tgz
41 silly lockFile 88e00c61-enerator-gulp-angular-0-11-0-tgz https://registry.npmjs.org/generator-gulp-angular/-/generator-gulp-angular-0.11.0.tgz
42 silly lockFile 63dacce2-generator-gulp-angular-0-11-0 generator-gulp-angular@0.11.0
43 silly lockFile 63dacce2-generator-gulp-angular-0-11-0 generator-gulp-angular@0.11.0
44 silly lockFile edbf5540-generator-gulp-angular generator-gulp-angular@
45 silly lockFile edbf5540-generator-gulp-angular generator-gulp-angular@
46 silly resolved [ { name: 'generator-gulp-angular',
46 silly resolved     version: '0.11.0',
46 silly resolved     preferGlobal: true,
46 silly resolved     description: 'Yeoman generator for AngularJS with GulpJS',
46 silly resolved     keywords:
46 silly resolved      [ 'yeoman-generator',
46 silly resolved        'angular',
46 silly resolved        'gulp',
46 silly resolved        'restangular',
46 silly resolved        'ui-router',
46 silly resolved        'bootstrap',
46 silly resolved        'angular-material',
46 silly resolved        'foundation',
46 silly resolved        'sass',
46 silly resolved        'less',
46 silly resolved        'es6',
46 silly resolved        'babel',
46 silly resolved        'traceur',
46 silly resolved        'typescript',
46 silly resolved        'coffeescript',
46 silly resolved        'jade',
46 silly resolved        'haml',
46 silly resolved        'webpack',
46 silly resolved        'jshint' ],
46 silly resolved     license: 'MIT',
46 silly resolved     author: { name: 'Matthieu Lux & Mehdy Dara' },
46 silly resolved     contributors: [ [Object], [Object] ],
46 silly resolved     files: [ 'app' ],
46 silly resolved     main: 'app/index.js',
46 silly resolved     repository:
46 silly resolved      { type: 'git',
46 silly resolved        url: 'https://github.com/Swiip/generator-gulp-angular' },
46 silly resolved     scripts:
46 silly resolved      { pretest: 'node test/template-cli.js prepare && node test/template-cli.js deps && cd test/tmp/deps && npm install && bower install',
46 silly resolved        test: 'mocha test/** -ig protractor',
46 silly resolved        coveralls: 'istanbul cover ./node_modules/mocha/bin/_mocha -- test/** -ig protractor && cat ./coverage/lcov.info | ./node_modules/coveralls/bin/coveralls.js',
46 silly resolved        cover: 'istanbul cover ./node_modules/mocha/bin/_mocha -- test/**' },
46 silly resolved     config: { blanket: [Object] },
46 silly resolved     dependencies:
46 silly resolved      { chalk: '~1.0.0',
46 silly resolved        lodash: '~2.4.1',
46 silly resolved        slash: '~1.0.0',
46 silly resolved        'yeoman-generator': '~0.18.10',
46 silly resolved        yosay: '~1.0.0' },
46 silly resolved     devDependencies:
46 silly resolved      { bower: '~1.3.12',
46 silly resolved        chai: '~1.9.1',
46 silly resolved        'chai-as-promised': '~4.1.1',
46 silly resolved        commander: '^2.6.0',
46 silly resolved        coveralls: '~2.11.0',
46 silly resolved        'cross-spawn': '~0.2.3',
46 silly resolved        'fixture-stdout': '~0.2.1',
46 silly resolved        istanbul: '~0.3.0',
46 silly resolved        'js-beautify': '^1.5.4',
46 silly resolved        mkdirp: '^0.5.0',
46 silly resolved        mocha: '~2.0.0',
46 silly resolved        'mocha-lcov-reporter': '0.0.1',
46 silly resolved        q: '^1.1.2',
46 silly resolved        'recursive-readdir': '^1.2.1',
46 silly resolved        sinon: '^1.12.2',
46 silly resolved        'sinon-chai': '^2.7.0',
46 silly resolved        wrench: '^1.5.8' },
46 silly resolved     peerDependencies: { yo: '>=1.0.0' },
46 silly resolved     engines: { node: '>=0.10.0' },
46 silly resolved     gitHead: 'a461b2c39e1185b5f24bcdaa834ff65cfd4453bf',
46 silly resolved     bugs: { url: 'https://github.com/Swiip/generator-gulp-angular/issues' },
46 silly resolved     homepage: 'https://github.com/Swiip/generator-gulp-angular',
46 silly resolved     _id: 'generator-gulp-angular@0.11.0',
46 silly resolved     _shasum: '50f80568822f95815d7289281d750da7deb3d70c',
46 silly resolved     _from: 'generator-gulp-angular@',
46 silly resolved     _npmVersion: '2.6.0',
46 silly resolved     _nodeVersion: '0.10.26',
46 silly resolved     _npmUser: { name: 'zckrs', email: 'mdara@eleven-labs.com' },
46 silly resolved     maintainers: [ [Object], [Object] ],
46 silly resolved     dist:
46 silly resolved      { shasum: '50f80568822f95815d7289281d750da7deb3d70c',
46 silly resolved        tarball: 'http://registry.npmjs.org/generator-gulp-angular/-/generator-gulp-angular-0.11.0.tgz' },
46 silly resolved     directories: {},
46 silly resolved     _resolved: 'https://registry.npmjs.org/generator-gulp-angular/-/generator-gulp-angular-0.11.0.tgz' } ]
47 info install generator-gulp-angular@0.11.0 into /usr/local/lib
48 info installOne generator-gulp-angular@0.11.0
49 verbose lib/node_modules/generator-gulp-angular unbuild
50 verbose tar unpack /Users/roman.sirokov/.npm/generator-gulp-angular/0.11.0/package.tgz
51 silly lockFile dd8f84c7-e-modules-generator-gulp-angular tar:///usr/local/lib/node_modules/generator-gulp-angular
52 verbose lock tar:///usr/local/lib/node_modules/generator-gulp-angular /Users/roman.sirokov/.npm/dd8f84c7-e-modules-generator-gulp-angular.lock
53 silly lockFile 5db20c99--gulp-angular-0-11-0-package-tgz tar:///Users/roman.sirokov/.npm/generator-gulp-angular/0.11.0/package.tgz
54 verbose lock tar:///Users/roman.sirokov/.npm/generator-gulp-angular/0.11.0/package.tgz /Users/roman.sirokov/.npm/5db20c99--gulp-angular-0-11-0-package-tgz.lock
55 silly gunzTarPerm modes [ '755', '644' ]
56 error Error: EACCES, mkdir '/usr/local/lib/node_modules/generator-gulp-angular'
56 error  { [Error: EACCES, mkdir '/usr/local/lib/node_modules/generator-gulp-angular']
56 error   errno: 3,
56 error   code: 'EACCES',
56 error   path: '/usr/local/lib/node_modules/generator-gulp-angular',
56 error   fstream_type: 'Directory',
56 error   fstream_path: '/usr/local/lib/node_modules/generator-gulp-angular',
56 error   fstream_class: 'DirWriter',
56 error   fstream_stack:
56 error    [ '/usr/local/lib/node_modules/npm/node_modules/fstream/lib/dir-writer.js:36:23',
56 error      '/usr/local/lib/node_modules/npm/node_modules/mkdirp/index.js:46:53',
56 error      'Object.oncomplete (fs.js:107:15)' ] }
57 error Please try running this command again as root/Administrator.
58 error System Darwin 14.1.0
59 error command "node" "/usr/local/bin/npm" "install" "-g" "generator-gulp-angular"
60 error cwd /Users/roman.sirokov/Projects/traktorlibrarian/gui
61 error node -v v0.10.33
62 error npm -v 1.4.28
63 error path /usr/local/lib/node_modules/generator-gulp-angular
64 error fstream_path /usr/local/lib/node_modules/generator-gulp-angular
65 error fstream_type Directory
66 error fstream_class DirWriter
67 error code EACCES
68 error errno 3
69 error stack Error: EACCES, mkdir '/usr/local/lib/node_modules/generator-gulp-angular'
70 error fstream_stack /usr/local/lib/node_modules/npm/node_modules/fstream/lib/dir-writer.js:36:23
70 error fstream_stack /usr/local/lib/node_modules/npm/node_modules/mkdirp/index.js:46:53
70 error fstream_stack Object.oncomplete (fs.js:107:15)
71 verbose exit [ 3, true ]
